<?xml version="1.0" encoding="UTF-8"?>
<!-- Generated by org.testng.reporters.JUnitXMLReporter -->
<testsuite hostname="Sanjay" ignored="0" name="Default test" tests="4" failures="0" timestamp="2020-07-23T19:34:50 IST" time="95.933" errors="0">
  <testcase name="loginButton" time="33.254" classname="testNG.DataDriven"/>
  <testcase name="loginButton" time="17.186" classname="testNG.DataDriven"/>
  <testcase name="loginButton" time="19.955" classname="testNG.DataDriven"/>
  <testcase name="loginButton" time="25.318" classname="testNG.DataDriven"/>
</testsuite> <!-- Default test -->
