<?xml version="1.0" encoding="UTF-8"?>
<testng-results skipped="0" failed="0" ignored="0" total="4" passed="4">
  <reporter-output>
  </reporter-output>
  <suite name="Default suite" duration-ms="95933" started-at="2020-07-23T19:33:10 IST" finished-at="2020-07-23T19:34:46 IST">
    <groups>
    </groups>
    <test name="Default test" duration-ms="95933" started-at="2020-07-23T19:33:10 IST" finished-at="2020-07-23T19:34:46 IST">
      <class name="testNG.DataDriven">
        <test-method status="PASS" signature="loginButton(java.lang.String, java.lang.String)[pri:0, instance:testNG.DataDriven@1f28c152]" name="loginButton" duration-ms="33254" started-at="2020-07-23T19:33:10 IST" data-provider="logIn" finished-at="2020-07-23T19:33:43 IST">
          <params>
            <param index="0">
              <value>
                <![CDATA[san]]>
              </value>
            </param>
            <param index="1">
              <value>
                <![CDATA[y]]>
              </value>
            </param>
          </params>
          <reporter-output>
          </reporter-output>
        </test-method> <!-- loginButton -->
        <test-method status="PASS" signature="loginButton(java.lang.String, java.lang.String)[pri:0, instance:testNG.DataDriven@1f28c152]" name="loginButton" duration-ms="17186" started-at="2020-07-23T19:33:43 IST" data-provider="logIn" finished-at="2020-07-23T19:34:00 IST">
          <params>
            <param index="0">
              <value>
                <![CDATA[jay]]>
              </value>
            </param>
            <param index="1">
              <value>
                <![CDATA[san]]>
              </value>
            </param>
          </params>
          <reporter-output>
          </reporter-output>
        </test-method> <!-- loginButton -->
        <test-method status="PASS" signature="loginButton(java.lang.String, java.lang.String)[pri:0, instance:testNG.DataDriven@1f28c152]" name="loginButton" duration-ms="19955" started-at="2020-07-23T19:34:00 IST" data-provider="logIn" finished-at="2020-07-23T19:34:20 IST">
          <params>
            <param index="0">
              <value>
                <![CDATA[admin]]>
              </value>
            </param>
            <param index="1">
              <value>
                <![CDATA[admin123]]>
              </value>
            </param>
          </params>
          <reporter-output>
          </reporter-output>
        </test-method> <!-- loginButton -->
        <test-method status="PASS" signature="loginButton(java.lang.String, java.lang.String)[pri:0, instance:testNG.DataDriven@1f28c152]" name="loginButton" duration-ms="25318" started-at="2020-07-23T19:34:20 IST" data-provider="logIn" finished-at="2020-07-23T19:34:46 IST">
          <params>
            <param index="0">
              <value>
                <![CDATA[Admin]]>
              </value>
            </param>
            <param index="1">
              <value>
                <![CDATA[admin123]]>
              </value>
            </param>
          </params>
          <reporter-output>
          </reporter-output>
        </test-method> <!-- loginButton -->
      </class> <!-- testNG.DataDriven -->
    </test> <!-- Default test -->
  </suite> <!-- Default suite -->
</testng-results>
