# JRE version: Java(TM) SE Runtime Environment (8.0_241-b07) (build 1.8.0_241-b07)
# Java VM: Java HotSpot(TM) 64-Bit Server VM (25.241-b07 mixed mode windows-amd64 compressed oops)
Heap:
 PSYoungGen      total 18944K, used 1414K [0x00000000eb000000, 0x00000000ec500000, 0x0000000100000000)
  eden space 16384K, 8% used [0x00000000eb000000,0x00000000eb161840,0x00000000ec000000)
  from space 2560K, 0% used [0x00000000ec000000,0x00000000ec000000,0x00000000ec280000)
  to   space 2560K, 0% used [0x00000000ec280000,0x00000000ec280000,0x00000000ec500000)
 ParOldGen       total 42496K, used 21229K [0x00000000c1000000, 0x00000000c3980000, 0x00000000eb000000)
  object space 42496K, 49% used [0x00000000c1000000,0x00000000c24bb508,0x00000000c3980000)
 Metaspace       used 19150K, capacity 19896K, committed 20096K, reserved 1067008K
  class space    used 2369K, capacity 2570K, committed 2688K, reserved 1048576K
GC Heap History (10 events):
Event: 3.525 GC heap before
{Heap before GC invocations=3 (full 0):
 PSYoungGen      total 18944K, used 18912K [0x00000000eb000000, 0x00000000ec500000, 0x0000000100000000)
  eden space 16384K, 100% used [0x00000000eb000000,0x00000000ec000000,0x00000000ec000000)
  from space 2560K, 98% used [0x00000000ec280000,0x00000000ec4f8040,0x00000000ec500000)
  to   space 2560K, 0% used [0x00000000ec000000,0x00000000ec000000,0x00000000ec280000)
 ParOldGen       total 44032K, used 4000K [0x00000000c1000000, 0x00000000c3b00000, 0x00000000eb000000)
  object space 44032K, 9% used [0x00000000c1000000,0x00000000c13e80a8,0x00000000c3b00000)
 Metaspace       used 17998K, capacity 18718K, committed 18816K, reserved 1064960K
  class space    used 2167K, capacity 2345K, committed 2432K, reserved 1048576K
Event: 3.536 GC heap after
Heap after GC invocations=3 (full 0):
 PSYoungGen      total 18944K, used 2528K [0x00000000eb000000, 0x00000000ec500000, 0x0000000100000000)
  eden space 16384K, 0% used [0x00000000eb000000,0x00000000eb000000,0x00000000ec000000)
  from space 2560K, 98% used [0x00000000ec000000,0x00000000ec278040,0x00000000ec280000)
  to   space 2560K, 0% used [0x00000000ec280000,0x00000000ec280000,0x00000000ec500000)
 ParOldGen       total 44032K, used 7401K [0x00000000c1000000, 0x00000000c3b00000, 0x00000000eb000000)
  object space 44032K, 16% used [0x00000000c1000000,0x00000000c173a680,0x00000000c3b00000)
 Metaspace       used 17998K, capacity 18718K, committed 18816K, reserved 1064960K
  class space    used 2167K, capacity 2345K, committed 2432K, reserved 1048576K
}
Event: 14.512 GC heap before
{Heap before GC invocations=4 (full 0):
 PSYoungGen      total 18944K, used 6938K [0x00000000eb000000, 0x00000000ec500000, 0x0000000100000000)
  eden space 16384K, 26% used [0x00000000eb000000,0x00000000eb44e998,0x00000000ec000000)
  from space 2560K, 98% used [0x00000000ec000000,0x00000000ec278040,0x00000000ec280000)
  to   space 2560K, 0% used [0x00000000ec280000,0x00000000ec280000,0x00000000ec500000)
 ParOldGen       total 44032K, used 23785K [0x00000000c1000000, 0x00000000c3b00000, 0x00000000eb000000)
  object space 44032K, 54% used [0x00000000c1000000,0x00000000c273a690,0x00000000c3b00000)
 Metaspace       used 19037K, capacity 19748K, committed 19968K, reserved 1067008K
  class space    used 2340K, capacity 2538K, committed 2560K, reserved 1048576K
Event: 14.518 GC heap after
Heap after GC invocations=4 (full 0):
 PSYoungGen      total 18944K, used 2544K [0x00000000eb000000, 0x00000000ec500000, 0x0000000100000000)
  eden space 16384K, 0% used [0x00000000eb000000,0x00000000eb000000,0x00000000ec000000)
  from space 2560K, 99% used [0x00000000ec280000,0x00000000ec4fc050,0x00000000ec500000)
  to   space 2560K, 0% used [0x00000000ec000000,0x00000000ec000000,0x00000000ec280000)
 ParOldGen       total 44032K, used 24815K [0x00000000c1000000, 0x00000000c3b00000, 0x00000000eb000000)
  object space 44032K, 56% used [0x00000000c1000000,0x00000000c283bc50,0x00000000c3b00000)
 Metaspace       used 19037K, capacity 19748K, committed 19968K, reserved 1067008K
  class space    used 2340K, capacity 2538K, committed 2560K, reserved 1048576K
}
Event: 14.518 GC heap before
{Heap before GC invocations=5 (full 1):
 PSYoungGen      total 18944K, used 2544K [0x00000000eb000000, 0x00000000ec500000, 0x0000000100000000)
  eden space 16384K, 0% used [0x00000000eb000000,0x00000000eb000000,0x00000000ec000000)
  from space 2560K, 99% used [0x00000000ec280000,0x00000000ec4fc050,0x00000000ec500000)
  to   space 2560K, 0% used [0x00000000ec000000,0x00000000ec000000,0x00000000ec280000)
 ParOldGen       total 44032K, used 24815K [0x00000000c1000000, 0x00000000c3b00000, 0x00000000eb000000)
  object space 44032K, 56% used [0x00000000c1000000,0x00000000c283bc50,0x00000000c3b00000)
 Metaspace       used 19037K, capacity 19748K, committed 19968K, reserved 1067008K
  class space    used 2340K, capacity 2538K, committed 2560K, reserved 1048576K
Event: 14.562 GC heap after
Heap after GC invocations=5 (full 1):
 PSYoungGen      total 18944K, used 0K [0x00000000eb000000, 0x00000000ec500000, 0x0000000100000000)
  eden space 16384K, 0% used [0x00000000eb000000,0x00000000eb000000,0x00000000ec000000)
  from space 2560K, 0% used [0x00000000ec280000,0x00000000ec280000,0x00000000ec500000)
  to   space 2560K, 0% used [0x00000000ec000000,0x00000000ec000000,0x00000000ec280000)
 ParOldGen       total 42496K, used 21722K [0x00000000c1000000, 0x00000000c3980000, 0x00000000eb000000)
  object space 42496K, 51% used [0x00000000c1000000,0x00000000c2536938,0x00000000c3980000)
 Metaspace       used 19037K, capacity 19748K, committed 19968K, reserved 1067008K
  class space    used 2340K, capacity 2538K, committed 2560K, reserved 1048576K
}
Event: 14.726 GC heap before
{Heap before GC invocations=6 (full 1):
 PSYoungGen      total 18944K, used 0K [0x00000000eb000000, 0x00000000ec500000, 0x0000000100000000)
  eden space 16384K, 0% used [0x00000000eb000000,0x00000000eb000000,0x00000000ec000000)
  from space 2560K, 0% used [0x00000000ec280000,0x00000000ec280000,0x00000000ec500000)
  to   space 2560K, 0% used [0x00000000ec000000,0x00000000ec000000,0x00000000ec280000)
 ParOldGen       total 42496K, used 21722K [0x00000000c1000000, 0x00000000c3980000, 0x00000000eb000000)
  object space 42496K, 51% used [0x00000000c1000000,0x00000000c2536938,0x00000000c3980000)
 Metaspace       used 19037K, capacity 19748K, committed 19968K, reserved 1067008K
  class space    used 2340K, capacity 2538K, committed 2560K, reserved 1048576K
Event: 14.731 GC heap after
Heap after GC invocations=6 (full 1):
 PSYoungGen      total 18944K, used 0K [0x00000000eb000000, 0x00000000ec500000, 0x0000000100000000)
  eden space 16384K, 0% used [0x00000000eb000000,0x00000000eb000000,0x00000000ec000000)
  from space 2560K, 0% used [0x00000000ec000000,0x00000000ec000000,0x00000000ec280000)
  to   space 2560K, 0% used [0x00000000ec280000,0x00000000ec280000,0x00000000ec500000)
 ParOldGen       total 42496K, used 21722K [0x00000000c1000000, 0x00000000c3980000, 0x00000000eb000000)
  object space 42496K, 51% used [0x00000000c1000000,0x00000000c2536938,0x00000000c3980000)
 Metaspace       used 19037K, capacity 19748K, committed 19968K, reserved 1067008K
  class space    used 2340K, capacity 2538K, committed 2560K, reserved 1048576K
}
Event: 14.732 GC heap before
{Heap before GC invocations=7 (full 2):
 PSYoungGen      total 18944K, used 0K [0x00000000eb000000, 0x00000000ec500000, 0x0000000100000000)
  eden space 16384K, 0% used [0x00000000eb000000,0x00000000eb000000,0x00000000ec000000)
  from space 2560K, 0% used [0x00000000ec000000,0x00000000ec000000,0x00000000ec280000)
  to   space 2560K, 0% used [0x00000000ec280000,0x00000000ec280000,0x00000000ec500000)
 ParOldGen       total 42496K, used 21722K [0x00000000c1000000, 0x00000000c3980000, 0x00000000eb000000)
  object space 42496K, 51% used [0x00000000c1000000,0x00000000c2536938,0x00000000c3980000)
 Metaspace       used 19037K, capacity 19748K, committed 19968K, reserved 1067008K
  class space    used 2340K, capacity 2538K, committed 2560K, reserved 1048576K
Event: 14.823 GC heap after
Heap after GC invocations=7 (full 2):
 PSYoungGen      total 18944K, used 0K [0x00000000eb000000, 0x00000000ec500000, 0x0000000100000000)
  eden space 16384K, 0% used [0x00000000eb000000,0x00000000eb000000,0x00000000ec000000)
  from space 2560K, 0% used [0x00000000ec000000,0x00000000ec000000,0x00000000ec280000)
  to   space 2560K, 0% used [0x00000000ec280000,0x00000000ec280000,0x00000000ec500000)
 ParOldGen       total 42496K, used 21229K [0x00000000c1000000, 0x00000000c3980000, 0x00000000eb000000)
  object space 42496K, 49% used [0x00000000c1000000,0x00000000c24bb508,0x00000000c3980000)
 Metaspace       used 18995K, capacity 19680K, committed 19968K, reserved 1067008K
  class space    used 2331K, capacity 2522K, committed 2560K, reserved 1048576K
}

