<?xml version="1.0" encoding="UTF-8"?>
<!-- Generated by org.testng.reporters.JUnitXMLReporter -->
<testsuite hostname="Sanjay" ignored="2" name="test Case" tests="4" failures="0" timestamp="2020-07-19T20:34:35 IST" time="0.133" errors="0">
  <testcase name="appleIpad" time="0.02" classname="testNG.GroupingExample"/>
  <testcase name="appleIphone" time="0.003" classname="testNG.GroupingExample"/>
  <testcase name="samsungS10" time="0.004" classname="testNG.GroupingExample"/>
  <testcase name="samsungS20" time="0.004" classname="testNG.GroupingExample"/>
  <testcase name="motoRocker" time="0.0" classname="testNG.GroupingExample">
    <ignored/>
  </testcase> <!-- motoRocker -->
  <testcase name="motoHeadPhones" time="0.0" classname="testNG.GroupingExample">
    <ignored/>
  </testcase> <!-- motoHeadPhones -->
</testsuite> <!-- test Case -->
