<?xml version="1.0" encoding="UTF-8"?>
<!-- Generated by org.testng.reporters.JUnitXMLReporter -->
<testsuite hostname="Sanjay" ignored="1" name="Test Xml" tests="13" failures="0" timestamp="2020-07-19T19:59:52 IST" time="0.23" errors="0">
  <testcase name="firstTestCase" time="0.011" classname="testNG.SampleTestCase"/>
  <testcase name="fourthTestCase" time="0.002" classname="testNG.SampleTestCase"/>
  <testcase name="secondTestCase" time="0.001" classname="testNG.SampleTestCase"/>
  <testcase name="thirdTestCase" time="0.003" classname="testNG.SampleTestCase"/>
  <testcase name="startEngine" time="0.002" classname="testNG.SetPriority"/>
  <testcase name="putFirstGear" time="0.002" classname="testNG.SetPriority"/>
  <testcase name="putSecondGear" time="0.002" classname="testNG.SetPriority"/>
  <testcase name="putNeutral" time="0.001" classname="testNG.SetPriority"/>
  <testcase name="turnOffEngine" time="0.001" classname="testNG.SetPriority"/>
  <testcase name="startEngine" time="0.001" classname="testNG.SkipATestCase"/>
  <testcase name="putSecondGear" time="0.002" classname="testNG.SkipATestCase"/>
  <testcase name="putNeutral" time="0.002" classname="testNG.SkipATestCase"/>
  <testcase name="turnOffEngine" time="0.001" classname="testNG.SkipATestCase"/>
  <testcase name="putFirstGear" time="0.0" classname="testNG.SkipATestCase">
    <ignored/>
  </testcase> <!-- putFirstGear -->
</testsuite> <!-- Test Xml -->
