<?xml version="1.0" encoding="UTF-8"?>
<!-- Generated by org.testng.reporters.JUnitXMLReporter -->
<testsuite hostname="Sanjay" ignored="0" name="test name" tests="3" failures="0" timestamp="2020-07-19T21:25:50 IST" time="43.239" errors="0">
  <testcase name="opengoogle" time="35.79" classname="testNG.ParallelTesting"/>
  <testcase name="openFacebook" time="40.378" classname="testNG.ParallelTesting"/>
  <testcase name="openInstagram" time="43.138" classname="testNG.ParallelTesting"/>
</testsuite> <!-- test name -->
